<?xml version="1.0" encoding="UTF-8"?>
<testsuite name="AppleTestTest" tests="1" skipped="0" failures="0" errors="0" timestamp="2022-11-14T04:52:34" hostname="dell-valmir-jr" time="16.141">
  <properties/>
  <testcase name="appleTest" classname="AppleTestTest" time="16.141"/>
  <system-out><![CDATA[Fim do Test! @Developer Valmir Junior
]]></system-out>
  <system-err><![CDATA[SLF4J: Failed to load class "org.slf4j.impl.StaticLoggerBinder".
SLF4J: Defaulting to no-operation (NOP) logger implementation
SLF4J: See http://www.slf4j.org/codes.html#StaticLoggerBinder for further details.
Starting ChromeDriver 107.0.5304.62 (1eec40d3a5764881c92085aaee66d25075c159aa-refs/branch-heads/5304@{#942}) on port 46740
Only local connections are allowed.
Please see https://chromedriver.chromium.org/security-considerations for suggestions on keeping ChromeDriver safe.
ChromeDriver was started successfully.
nov. 14, 2022 1:52:36 AM org.openqa.selenium.remote.ProtocolHandshake createSession
INFO: Detected upstream dialect: W3C
nov. 14, 2022 1:52:36 AM org.openqa.selenium.devtools.CdpVersionFinder findNearestMatch
WARNING: Unable to find an exact match for CDP version 107, so returning the closest version found: 103
nov. 14, 2022 1:52:36 AM org.openqa.selenium.devtools.CdpVersionFinder findNearestMatch
INFO: Found CDP implementation for version 107 of 103
]]></system-err>
</testsuite>
